<?xml version="1.0" encoding="UTF-8" ?>
<testsuite errors="0" failures="2" hostname="sabbani-Satellite-C660" name="qitabapp.ReservationControllerTests" tests="8" time="1.223" timestamp="2014-04-15T09:46:36">
  <properties />
  <testcase classname="qitabapp.ReservationControllerTests" name="testEdit" time="0.349" />
  <testcase classname="qitabapp.ReservationControllerTests" name="testShow" time="0.104" />
  <testcase classname="qitabapp.ReservationControllerTests" name="testList" time="0.106" />
  <testcase classname="qitabapp.ReservationControllerTests" name="testSave" time="0.156">
    <failure message="Assertion failed: &#xa;&#xa;assert model.reservationInstance != null&#xa;       |     |                   |&#xa;       [:]   null                false&#xa;" type="junit.framework.AssertionFailedError">junit.framework.AssertionFailedError: Assertion failed: 

assert model.reservationInstance != null
       |     |                   |
       [:]   null                false

	at qitabapp.ReservationControllerTests.testSave(ReservationControllerTests.groovy:40)
</failure>
  </testcase>
  <testcase classname="qitabapp.ReservationControllerTests" name="testDelete" time="0.101" />
  <testcase classname="qitabapp.ReservationControllerTests" name="testIndex" time="0.093" />
  <testcase classname="qitabapp.ReservationControllerTests" name="testUpdate" time="0.119">
    <failure message="Assertion failed: &#xa;&#xa;assert view == &quot;/reservation/edit&quot;&#xa;       |    |&#xa;       null false&#xa;" type="junit.framework.AssertionFailedError">junit.framework.AssertionFailedError: Assertion failed: 

assert view == &quot;/reservation/edit&quot;
       |    |
       null false

	at qitabapp.ReservationControllerTests.testUpdate(ReservationControllerTests.groovy:108)
</failure>
  </testcase>
  <testcase classname="qitabapp.ReservationControllerTests" name="testCreate" time="0.086" />
  <system-out><![CDATA[--Output from testEdit--
--Output from testShow--
--Output from testList--
--Output from testSave--
--Output from testDelete--
--Output from testIndex--
--Output from testUpdate--
--Output from testCreate--
]]></system-out>
  <system-err><![CDATA[--Output from testEdit--
--Output from testShow--
--Output from testList--
--Output from testSave--
--Output from testDelete--
--Output from testIndex--
--Output from testUpdate--
--Output from testCreate--
]]></system-err>
</testsuite>
