<?xml version="1.0" encoding="UTF-8" ?>
<testsuite errors="0" failures="0" hostname="Ouss-PC" name="qitabapp.ReservationTests" tests="1" time="0.613" timestamp="2014-04-22T20:51:25">
  <properties />
  <testcase classname="qitabapp.ReservationTests" name="testBlank" time="0.131" />
  <system-out><![CDATA[--Output from testBlank--
]]></system-out>
  <system-err><![CDATA[--Output from testBlank--
]]></system-err>
</testsuite>
