<?xml version="1.0" encoding="UTF-8" ?>
<testsuite errors="1" failures="0" hostname="Ouss-PC" name="qitabapp.TypeDocumentTests" tests="1" time="0.007" timestamp="2014-04-22T20:51:28">
  <properties />
  <testcase classname="qitabapp.TypeDocumentTests" name="initializationError" time="0.006">
    <error message="No runnable methods" type="java.lang.Exception">java.lang.Exception: No runnable methods
</error>
  </testcase>
  <system-out><![CDATA[--Output from initializationError--
]]></system-out>
  <system-err><![CDATA[--Output from initializationError--
]]></system-err>
</testsuite>
