<?xml version="1.0" encoding="UTF-8" ?>
<testsuite errors="0" failures="2" hostname="Ouss-PC" name="qitabapp.ReservationControllerTests" tests="4" time="1.61" timestamp="2014-04-22T20:51:24">
  <properties />
  <testcase classname="qitabapp.ReservationControllerTests" name="testShow" time="0.945">
    <failure message="Assertion failed: &#xa;&#xa;assert reservation.save() != null&#xa;       |           |      |&#xa;       |           null   false&#xa;       qitabapp.Reservation : (unsaved)&#xa;" type="junit.framework.AssertionFailedError">junit.framework.AssertionFailedError: Assertion failed: 

assert reservation.save() != null
       |           |      |
       |           null   false
       qitabapp.Reservation : (unsaved)

	at qitabapp.ReservationControllerTests.testShow(ReservationControllerTests.groovy:56)
</failure>
  </testcase>
  <testcase classname="qitabapp.ReservationControllerTests" name="testIndex" time="0.155" />
  <testcase classname="qitabapp.ReservationControllerTests" name="testSave" time="0.218">
    <failure message="Assertion failed: &#xa;&#xa;assert response.redirectedUrl == &apos;/reservation/show/1&apos;&#xa;       |        |             |&#xa;       |        null          false&#xa;       org.codehaus.groovy.grails.plugins.testing.GrailsMockHttpServletResponse@1514164&#xa;" type="junit.framework.AssertionFailedError">junit.framework.AssertionFailedError: Assertion failed: 

assert response.redirectedUrl == &apos;/reservation/show/1&apos;
       |        |             |
       |        null          false
       org.codehaus.groovy.grails.plugins.testing.GrailsMockHttpServletResponse@1514164

	at qitabapp.ReservationControllerTests.testSave(ReservationControllerTests.groovy:42)
</failure>
  </testcase>
  <testcase classname="qitabapp.ReservationControllerTests" name="testList" time="0.274" />
  <system-out><![CDATA[--Output from testShow--
--Output from testIndex--
--Output from testSave--
--Output from testList--
]]></system-out>
  <system-err><![CDATA[--Output from testShow--
--Output from testIndex--
--Output from testSave--
--Output from testList--
]]></system-err>
</testsuite>
