<?xml version="1.0" encoding="UTF-8" ?>
<<<<<<< HEAD
<testsuite errors="0" failures="1" hostname="sabbani-Satellite-C660" name="qitabapp.ReservationTests" tests="1" time="0.208" timestamp="2014-04-22T19:34:17">
  <properties />
  <testcase classname="qitabapp.ReservationTests" name="testSomething" time="0.076">
    <failure message="junit.framework.AssertionFailedError: Implement me" type="junit.framework.AssertionFailedError">junit.framework.AssertionFailedError: junit.framework.AssertionFailedError: Implement me
	at qitabapp.ReservationTests.testSomething(ReservationTests.groovy:15)
</failure>
  </testcase>
  <system-out><![CDATA[--Output from testSomething--
=======
<testsuite errors="0" failures="0" hostname="Ouss-PC" name="qitabapp.ReservationTests" tests="1" time="0.613" timestamp="2014-04-22T20:51:25">
  <properties />
  <testcase classname="qitabapp.ReservationTests" name="testBlank" time="0.131" />
  <system-out><![CDATA[--Output from testBlank--
>>>>>>> b1d2f92536b0dfee1611c308198af68fa528d825
]]></system-out>
  <system-err><![CDATA[--Output from testBlank--
]]></system-err>
</testsuite>
