<?xml version="1.0" encoding="UTF-8" ?>
<testsuite errors="0" failures="5" hostname="sabbani-Satellite-C660" name="qitabapp.AuteurControllerTests" tests="8" time="4.965" timestamp="2014-04-15T09:46:29">
  <properties />
  <testcase classname="qitabapp.AuteurControllerTests" name="testEdit" time="2.482">
    <failure message="Assertion failed: &#xa;&#xa;assert auteur.save() != null&#xa;       |      |      |&#xa;       |      null   false&#xa;       qitabapp.Auteur@f124cb (toString() == null)&#xa;" type="junit.framework.AssertionFailedError">junit.framework.AssertionFailedError: Assertion failed: 

assert auteur.save() != null
       |      |      |
       |      null   false
       qitabapp.Auteur@f124cb (toString() == null)

	at qitabapp.AuteurControllerTests.testEdit(AuteurControllerTests.groovy:80)
</failure>
  </testcase>
  <testcase classname="qitabapp.AuteurControllerTests" name="testShow" time="0.196">
    <failure message="Assertion failed: &#xa;&#xa;assert auteur.save() != null&#xa;       |      |      |&#xa;       |      null   false&#xa;       qitabapp.Auteur@75d9e6 (toString() == null)&#xa;" type="junit.framework.AssertionFailedError">junit.framework.AssertionFailedError: Assertion failed: 

assert auteur.save() != null
       |      |      |
       |      null   false
       qitabapp.Auteur@75d9e6 (toString() == null)

	at qitabapp.AuteurControllerTests.testShow(AuteurControllerTests.groovy:62)
</failure>
  </testcase>
  <testcase classname="qitabapp.AuteurControllerTests" name="testList" time="1.114" />
  <testcase classname="qitabapp.AuteurControllerTests" name="testSave" time="0.235">
    <failure message="Assertion failed: &#xa;&#xa;assert response.redirectedUrl == &apos;/auteur/show/1&apos;&#xa;       |        |             |&#xa;       |        null          false&#xa;       org.codehaus.groovy.grails.plugins.testing.GrailsMockHttpServletResponse@105e270&#xa;" type="junit.framework.AssertionFailedError">junit.framework.AssertionFailedError: Assertion failed: 

assert response.redirectedUrl == &apos;/auteur/show/1&apos;
       |        |             |
       |        null          false
       org.codehaus.groovy.grails.plugins.testing.GrailsMockHttpServletResponse@105e270

	at qitabapp.AuteurControllerTests.testSave(AuteurControllerTests.groovy:48)
</failure>
  </testcase>
  <testcase classname="qitabapp.AuteurControllerTests" name="testDelete" time="0.185">
    <failure message="Assertion failed: &#xa;&#xa;assert auteur.save() != null&#xa;       |      |      |&#xa;       |      null   false&#xa;       qitabapp.Auteur@209fe7 (toString() == null)&#xa;" type="junit.framework.AssertionFailedError">junit.framework.AssertionFailedError: Assertion failed: 

assert auteur.save() != null
       |      |      |
       |      null   false
       qitabapp.Auteur@209fe7 (toString() == null)

	at qitabapp.AuteurControllerTests.testDelete(AuteurControllerTests.groovy:144)
</failure>
  </testcase>
  <testcase classname="qitabapp.AuteurControllerTests" name="testIndex" time="0.173" />
  <testcase classname="qitabapp.AuteurControllerTests" name="testUpdate" time="0.177">
    <failure message="Assertion failed: &#xa;&#xa;assert auteur.save() != null&#xa;       |      |      |&#xa;       |      null   false&#xa;       qitabapp.Auteur@435561 (toString() == null)&#xa;" type="junit.framework.AssertionFailedError">junit.framework.AssertionFailedError: Assertion failed: 

assert auteur.save() != null
       |      |      |
       |      null   false
       qitabapp.Auteur@435561 (toString() == null)

	at qitabapp.AuteurControllerTests.testUpdate(AuteurControllerTests.groovy:100)
</failure>
  </testcase>
  <testcase classname="qitabapp.AuteurControllerTests" name="testCreate" time="0.156" />
  <system-out><![CDATA[--Output from testEdit--
--Output from testShow--
--Output from testList--
--Output from testSave--
--Output from testDelete--
--Output from testIndex--
--Output from testUpdate--
--Output from testCreate--
]]></system-out>
  <system-err><![CDATA[--Output from testEdit--
--Output from testShow--
--Output from testList--
--Output from testSave--
--Output from testDelete--
--Output from testIndex--
--Output from testUpdate--
--Output from testCreate--
]]></system-err>
</testsuite>
