<?xml version="1.0" encoding="UTF-8" ?>
<testsuite errors="0" failures="0" hostname="Ouss-PC" name="qitabapp.LivreTests" tests="1" time="0.525" timestamp="2014-04-22T20:51:23">
  <properties />
  <testcase classname="qitabapp.LivreTests" name="testBlank" time="0.039" />
  <system-out><![CDATA[--Output from testBlank--
]]></system-out>
  <system-err><![CDATA[--Output from testBlank--
]]></system-err>
</testsuite>
