<?xml version="1.0" encoding="UTF-8" ?>
<<<<<<< HEAD
<testsuite errors="0" failures="1" hostname="sabbani-Satellite-C660" name="qitabapp.LivreTests" tests="1" time="0.207" timestamp="2014-04-22T19:34:13">
  <properties />
  <testcase classname="qitabapp.LivreTests" name="testSomething" time="0.078">
    <failure message="junit.framework.AssertionFailedError: Implement me" type="junit.framework.AssertionFailedError">junit.framework.AssertionFailedError: junit.framework.AssertionFailedError: Implement me
	at qitabapp.LivreTests.testSomething(LivreTests.groovy:15)
</failure>
  </testcase>
  <system-out><![CDATA[--Output from testSomething--
=======
<testsuite errors="0" failures="0" hostname="Ouss-PC" name="qitabapp.LivreTests" tests="1" time="0.525" timestamp="2014-04-22T20:51:23">
  <properties />
  <testcase classname="qitabapp.LivreTests" name="testBlank" time="0.039" />
  <system-out><![CDATA[--Output from testBlank--
>>>>>>> b1d2f92536b0dfee1611c308198af68fa528d825
]]></system-out>
  <system-err><![CDATA[--Output from testBlank--
]]></system-err>
</testsuite>
