<?xml version="1.0" encoding="UTF-8" ?>
<testsuite errors="0" failures="1" hostname="sabbani-Satellite-C660" name="qitabapp.LivreTests" tests="1" time="1.763" timestamp="2014-04-15T09:46:27">
  <properties />
  <testcase classname="qitabapp.LivreTests" name="testSomething" time="1.145">
    <failure message="junit.framework.AssertionFailedError: Implement me" type="junit.framework.AssertionFailedError">junit.framework.AssertionFailedError: junit.framework.AssertionFailedError: Implement me
	at qitabapp.LivreTests.testSomething(LivreTests.groovy:15)
</failure>
  </testcase>
  <system-out><![CDATA[--Output from testSomething--
]]></system-out>
  <system-err><![CDATA[--Output from testSomething--
]]></system-err>
</testsuite>
