<?xml version="1.0" encoding="UTF-8" ?>
<<<<<<< HEAD
<testsuite errors="0" failures="5" hostname="sabbani-Satellite-C660" name="qitabapp.TypeDocumentControllerTests" tests="8" time="0.987" timestamp="2014-04-22T19:34:17">
  <properties />
  <testcase classname="qitabapp.TypeDocumentControllerTests" name="testIndex" time="0.33" />
  <testcase classname="qitabapp.TypeDocumentControllerTests" name="testShow" time="0.1">
    <failure message="Assertion failed: &#xa;&#xa;assert typeDocument.save() != null&#xa;       |            |      |&#xa;       |            null   false&#xa;       qitabapp.TypeDocument@1f80107 (toString() == null)&#xa;" type="junit.framework.AssertionFailedError">junit.framework.AssertionFailedError: Assertion failed: 
=======
<testsuite errors="0" failures="5" hostname="Ouss-PC" name="qitabapp.TypeDocumentControllerTests" tests="8" time="2.152" timestamp="2014-04-22T20:51:26">
  <properties />
  <testcase classname="qitabapp.TypeDocumentControllerTests" name="testShow" time="0.97">
    <failure message="Assertion failed: &#xa;&#xa;assert typeDocument.save() != null&#xa;       |            |      |&#xa;       |            null   false&#xa;       qitabapp.TypeDocument@1e3d80c (toString() == null)&#xa;" type="junit.framework.AssertionFailedError">junit.framework.AssertionFailedError: Assertion failed: 
>>>>>>> b1d2f92536b0dfee1611c308198af68fa528d825

assert typeDocument.save() != null
       |            |      |
       |            null   false
<<<<<<< HEAD
       qitabapp.TypeDocument@1f80107 (toString() == null)

	at qitabapp.TypeDocumentControllerTests.testShow(TypeDocumentControllerTests.groovy:62)
</failure>
  </testcase>
  <testcase classname="qitabapp.TypeDocumentControllerTests" name="testEdit" time="0.072">
    <failure message="Assertion failed: &#xa;&#xa;assert typeDocument.save() != null&#xa;       |            |      |&#xa;       |            null   false&#xa;       qitabapp.TypeDocument@eb0c18 (toString() == null)&#xa;" type="junit.framework.AssertionFailedError">junit.framework.AssertionFailedError: Assertion failed: 

assert typeDocument.save() != null
       |            |      |
       |            null   false
       qitabapp.TypeDocument@eb0c18 (toString() == null)
=======
       qitabapp.TypeDocument@1e3d80c (toString() == null)
>>>>>>> b1d2f92536b0dfee1611c308198af68fa528d825

	at qitabapp.TypeDocumentControllerTests.testEdit(TypeDocumentControllerTests.groovy:80)
</failure>
  </testcase>
<<<<<<< HEAD
  <testcase classname="qitabapp.TypeDocumentControllerTests" name="testUpdate" time="0.064">
    <failure message="Assertion failed: &#xa;&#xa;assert typeDocument.save() != null&#xa;       |            |      |&#xa;       |            null   false&#xa;       qitabapp.TypeDocument@18e009d (toString() == null)&#xa;" type="junit.framework.AssertionFailedError">junit.framework.AssertionFailedError: Assertion failed: 

assert typeDocument.save() != null
       |            |      |
       |            null   false
       qitabapp.TypeDocument@18e009d (toString() == null)
=======
  <testcase classname="qitabapp.TypeDocumentControllerTests" name="testIndex" time="0.141" />
  <testcase classname="qitabapp.TypeDocumentControllerTests" name="testSave" time="0.161">
    <failure message="Assertion failed: &#xa;&#xa;assert response.redirectedUrl == &apos;/typeDocument/show/1&apos;&#xa;       |        |             |&#xa;       |        null          false&#xa;       org.codehaus.groovy.grails.plugins.testing.GrailsMockHttpServletResponse@1fbe6e4&#xa;" type="junit.framework.AssertionFailedError">junit.framework.AssertionFailedError: Assertion failed: 

assert response.redirectedUrl == &apos;/typeDocument/show/1&apos;
       |        |             |
       |        null          false
       org.codehaus.groovy.grails.plugins.testing.GrailsMockHttpServletResponse@1fbe6e4
>>>>>>> b1d2f92536b0dfee1611c308198af68fa528d825

	at qitabapp.TypeDocumentControllerTests.testUpdate(TypeDocumentControllerTests.groovy:100)
</failure>
  </testcase>
<<<<<<< HEAD
  <testcase classname="qitabapp.TypeDocumentControllerTests" name="testDelete" time="0.138">
    <failure message="Assertion failed: &#xa;&#xa;assert typeDocument.save() != null&#xa;       |            |      |&#xa;       |            null   false&#xa;       qitabapp.TypeDocument@fe574b (toString() == null)&#xa;" type="junit.framework.AssertionFailedError">junit.framework.AssertionFailedError: Assertion failed: 
=======
  <testcase classname="qitabapp.TypeDocumentControllerTests" name="testDelete" time="0.17">
    <failure message="Assertion failed: &#xa;&#xa;assert typeDocument.save() != null&#xa;       |            |      |&#xa;       |            null   false&#xa;       qitabapp.TypeDocument@11c67b1 (toString() == null)&#xa;" type="junit.framework.AssertionFailedError">junit.framework.AssertionFailedError: Assertion failed: 
>>>>>>> b1d2f92536b0dfee1611c308198af68fa528d825

assert typeDocument.save() != null
       |            |      |
       |            null   false
<<<<<<< HEAD
       qitabapp.TypeDocument@fe574b (toString() == null)
=======
       qitabapp.TypeDocument@11c67b1 (toString() == null)
>>>>>>> b1d2f92536b0dfee1611c308198af68fa528d825

	at qitabapp.TypeDocumentControllerTests.testDelete(TypeDocumentControllerTests.groovy:144)
</failure>
  </testcase>
<<<<<<< HEAD
  <testcase classname="qitabapp.TypeDocumentControllerTests" name="testList" time="0.058" />
  <testcase classname="qitabapp.TypeDocumentControllerTests" name="testCreate" time="0.052" />
  <testcase classname="qitabapp.TypeDocumentControllerTests" name="testSave" time="0.068">
    <failure message="Assertion failed: &#xa;&#xa;assert response.redirectedUrl == &apos;/typeDocument/show/1&apos;&#xa;       |        |             |&#xa;       |        null          false&#xa;       org.codehaus.groovy.grails.plugins.testing.GrailsMockHttpServletResponse@f6a96&#xa;" type="junit.framework.AssertionFailedError">junit.framework.AssertionFailedError: Assertion failed: 

assert response.redirectedUrl == &apos;/typeDocument/show/1&apos;
       |        |             |
       |        null          false
       org.codehaus.groovy.grails.plugins.testing.GrailsMockHttpServletResponse@f6a96
=======
  <testcase classname="qitabapp.TypeDocumentControllerTests" name="testUpdate" time="0.15">
    <failure message="Assertion failed: &#xa;&#xa;assert typeDocument.save() != null&#xa;       |            |      |&#xa;       |            null   false&#xa;       qitabapp.TypeDocument@42769e (toString() == null)&#xa;" type="junit.framework.AssertionFailedError">junit.framework.AssertionFailedError: Assertion failed: 

assert typeDocument.save() != null
       |            |      |
       |            null   false
       qitabapp.TypeDocument@42769e (toString() == null)
>>>>>>> b1d2f92536b0dfee1611c308198af68fa528d825

	at qitabapp.TypeDocumentControllerTests.testSave(TypeDocumentControllerTests.groovy:48)
</failure>
  </testcase>
<<<<<<< HEAD
  <system-out><![CDATA[--Output from testIndex--
--Output from testShow--
--Output from testEdit--
--Output from testUpdate--
--Output from testDelete--
--Output from testList--
--Output from testCreate--
--Output from testSave--
]]></system-out>
  <system-err><![CDATA[--Output from testIndex--
--Output from testShow--
--Output from testEdit--
--Output from testUpdate--
--Output from testDelete--
--Output from testList--
--Output from testCreate--
--Output from testSave--
=======
  <testcase classname="qitabapp.TypeDocumentControllerTests" name="testList" time="0.156" />
  <testcase classname="qitabapp.TypeDocumentControllerTests" name="testCreate" time="0.215" />
  <testcase classname="qitabapp.TypeDocumentControllerTests" name="testEdit" time="0.152">
    <failure message="Assertion failed: &#xa;&#xa;assert typeDocument.save() != null&#xa;       |            |      |&#xa;       |            null   false&#xa;       qitabapp.TypeDocument@1d80077 (toString() == null)&#xa;" type="junit.framework.AssertionFailedError">junit.framework.AssertionFailedError: Assertion failed: 

assert typeDocument.save() != null
       |            |      |
       |            null   false
       qitabapp.TypeDocument@1d80077 (toString() == null)

	at qitabapp.TypeDocumentControllerTests.testEdit(TypeDocumentControllerTests.groovy:80)
</failure>
  </testcase>
  <system-out><![CDATA[--Output from testShow--
--Output from testIndex--
--Output from testSave--
--Output from testDelete--
--Output from testUpdate--
--Output from testList--
--Output from testCreate--
--Output from testEdit--
]]></system-out>
  <system-err><![CDATA[--Output from testShow--
--Output from testIndex--
--Output from testSave--
--Output from testDelete--
--Output from testUpdate--
--Output from testList--
--Output from testCreate--
--Output from testEdit--
>>>>>>> b1d2f92536b0dfee1611c308198af68fa528d825
]]></system-err>
</testsuite>
