<?xml version="1.0" encoding="UTF-8" ?>
<testsuite errors="0" failures="0" hostname="Ouss-PC" name="qitabapp.AuteurTests" tests="1" time="0.596" timestamp="2014-04-22T20:51:20">
  <properties />
  <testcase classname="qitabapp.AuteurTests" name="testBlank" time="0.045" />
  <system-out><![CDATA[--Output from testBlank--
]]></system-out>
  <system-err><![CDATA[--Output from testBlank--
]]></system-err>
</testsuite>
