<?xml version="1.0" encoding="UTF-8" ?>
<testsuite errors="0" failures="3" hostname="sabbani-Satellite-C660" name="qitabapp.LivreControllerTests" tests="8" time="7.024" timestamp="2014-04-21T22:43:08">
  <properties />
  <testcase classname="qitabapp.LivreControllerTests" name="testIndex" time="3.634" />
  <testcase classname="qitabapp.LivreControllerTests" name="testList" time="1.158" />
  <testcase classname="qitabapp.LivreControllerTests" name="testRechercheLivre" time="0.291">
    <failure message="Assertion failed: &#xa;&#xa;assert response.redirectedUrl == &quot;/livre/rechercheParAuteur&quot;&#xa;       |        |             |&#xa;       |        |             false&#xa;       |        /livre/rechercheParType&#xa;       org.codehaus.groovy.grails.plugins.testing.GrailsMockHttpServletResponse@1091c6b&#xa;" type="junit.framework.AssertionFailedError">junit.framework.AssertionFailedError: Assertion failed: 

assert response.redirectedUrl == &quot;/livre/rechercheParAuteur&quot;
       |        |             |
       |        |             false
       |        /livre/rechercheParType
       org.codehaus.groovy.grails.plugins.testing.GrailsMockHttpServletResponse@1091c6b

	at qitabapp.LivreControllerTests.testRechercheLivre(LivreControllerTests.groovy:37)
</failure>
  </testcase>
  <testcase classname="qitabapp.LivreControllerTests" name="testRechercheParTitre" time="0.296" />
  <testcase classname="qitabapp.LivreControllerTests" name="testSave" time="0.431">
    <failure message="Assertion failed: &#xa;&#xa;assert response.redirectedUrl == &apos;/livre/show/1&apos;&#xa;       |        |             |&#xa;       |        null          false&#xa;       org.codehaus.groovy.grails.plugins.testing.GrailsMockHttpServletResponse@38a39d&#xa;" type="junit.framework.AssertionFailedError">junit.framework.AssertionFailedError: Assertion failed: 

assert response.redirectedUrl == &apos;/livre/show/1&apos;
       |        |             |
       |        null          false
       org.codehaus.groovy.grails.plugins.testing.GrailsMockHttpServletResponse@38a39d

	at qitabapp.LivreControllerTests.testSave(LivreControllerTests.groovy:81)
</failure>
  </testcase>
  <testcase classname="qitabapp.LivreControllerTests" name="testShow" time="0.799">
    <failure message="Assertion failed: &#xa;&#xa;assert livre.save() != null&#xa;       |     |      |&#xa;       |     null   false&#xa;       qitabapp.Livre@170aad8 (toString() == null)&#xa;" type="junit.framework.AssertionFailedError">junit.framework.AssertionFailedError: Assertion failed: 

assert livre.save() != null
       |     |      |
       |     null   false
       qitabapp.Livre@170aad8 (toString() == null)

	at qitabapp.LivreControllerTests.testShow(LivreControllerTests.groovy:95)
</failure>
  </testcase>
  <testcase classname="qitabapp.LivreControllerTests" name="testRechercheParType" time="0.172" />
  <testcase classname="qitabapp.LivreControllerTests" name="testRechercheParAuteur" time="0.141" />
  <system-out><![CDATA[--Output from testIndex--
--Output from testList--
--Output from testRechercheLivre--
[:]
null
--Output from testRechercheParTitre--
[]
--Output from testSave--
--Output from testShow--
--Output from testRechercheParType--
--Output from testRechercheParAuteur--
]]></system-out>
  <system-err><![CDATA[--Output from testIndex--
--Output from testList--
--Output from testRechercheLivre--
--Output from testRechercheParTitre--
--Output from testSave--
--Output from testShow--
--Output from testRechercheParType--
--Output from testRechercheParAuteur--
]]></system-err>
</testsuite>
